<?xml version="1.0" encoding="UTF-8"?>
<!-- Generated by org.testng.reporters.JUnitReportReporter -->
<testsuite skipped="1" hostname="DESKTOP-RSOHUVE" name="rahulshettyacademy.DemoTest" tests="1" failures="0" timestamp="2022-01-27T09:01:39 IST" time="0.000" errors="0">
  <testcase name="flightTest" time="0.000" classname="rahulshettyacademy.DemoTest">
    <skipped/>
  </testcase> <!-- flightTest -->
  <system-out/>
</testsuite> <!-- rahulshettyacademy.DemoTest -->
